2020-02-25 15:29:15.550  INFO 12112 --- [restartedMain] l.m.community.CommunityApplication       : Starting CommunityApplication on SKY-20190108EUJ with PID 12112 (E:\IdeaProjects\community\target\classes started by Administrator in E:\IdeaProjects\community)
2020-02-25 15:29:15.564  INFO 12112 --- [restartedMain] l.m.community.CommunityApplication       : No active profile set, falling back to default profiles: default
2020-02-25 15:29:15.946  INFO 12112 --- [restartedMain] .e.DevToolsPropertyDefaultsPostProcessor : Devtools property defaults active! Set 'spring.devtools.add-properties' to 'false' to disable
2020-02-25 15:29:15.946  INFO 12112 --- [restartedMain] .e.DevToolsPropertyDefaultsPostProcessor : For additional web related logging consider setting the 'logging.level.web' property to 'DEBUG'
2020-02-25 15:29:16.121  WARN 12112 --- [background-preinit] o.s.h.c.j.Jackson2ObjectMapperBuilder    : For Jackson Kotlin classes support please add "com.fasterxml.jackson.module:jackson-module-kotlin" to the classpath
2020-02-25 15:29:18.904  INFO 12112 --- [restartedMain] o.s.b.w.embedded.tomcat.TomcatWebServer  : Tomcat initialized with port(s): 8887 (http)
2020-02-25 15:29:18.917  INFO 12112 --- [restartedMain] o.apache.catalina.core.StandardService   : Starting service [Tomcat]
2020-02-25 15:29:18.918  INFO 12112 --- [restartedMain] org.apache.catalina.core.StandardEngine  : Starting Servlet engine: [Apache Tomcat/9.0.30]
2020-02-25 15:29:19.090  INFO 12112 --- [restartedMain] o.a.c.c.C.[Tomcat].[localhost].[/]       : Initializing Spring embedded WebApplicationContext
2020-02-25 15:29:19.091  INFO 12112 --- [restartedMain] o.s.web.context.ContextLoader            : Root WebApplicationContext: initialization completed in 3144 ms
2020-02-25 15:29:19.177  INFO 12112 --- [restartedMain] com.zaxxer.hikari.HikariDataSource       : HikariPool-1 - Starting...
2020-02-25 15:29:19.455  INFO 12112 --- [restartedMain] com.zaxxer.hikari.HikariDataSource       : HikariPool-1 - Start completed.
2020-02-25 15:29:19.470  INFO 12112 --- [restartedMain] o.s.b.a.h2.H2ConsoleAutoConfiguration    : H2 console available at '/h2-console'. Database available at 'jdbc:h2:~/community'
2020-02-25 15:29:20.546  WARN 12112 --- [restartedMain] ConfigServletWebServerApplicationContext : Exception encountered during context initialization - cancelling refresh attempt: org.springframework.beans.factory.UnsatisfiedDependencyException: Error creating bean with name 'commentController': Unsatisfied dependency expressed through field 'commentService'; nested exception is org.springframework.beans.factory.UnsatisfiedDependencyException: Error creating bean with name 'commentService': Unsatisfied dependency expressed through field 'commentMapper'; nested exception is org.springframework.beans.factory.NoSuchBeanDefinitionException: No qualifying bean of type 'life.majiang.community.mapper.CommentMapper' available: expected at least 1 bean which qualifies as autowire candidate. Dependency annotations: {@org.springframework.beans.factory.annotation.Autowired(required=true)}
2020-02-25 15:29:20.546  INFO 12112 --- [restartedMain] com.zaxxer.hikari.HikariDataSource       : HikariPool-1 - Shutdown initiated...
2020-02-25 15:29:20.994  INFO 12112 --- [restartedMain] com.zaxxer.hikari.HikariDataSource       : HikariPool-1 - Shutdown completed.
2020-02-25 15:29:21.000  INFO 12112 --- [restartedMain] o.apache.catalina.core.StandardService   : Stopping service [Tomcat]
2020-02-25 15:29:21.036  INFO 12112 --- [restartedMain] ConditionEvaluationReportLoggingListener : 

Error starting ApplicationContext. To display the conditions report re-run your application with 'debug' enabled.
2020-02-25 15:29:21.417 ERROR 12112 --- [restartedMain] o.s.b.d.LoggingFailureAnalysisReporter   : 

***************************
APPLICATION FAILED TO START
***************************

Description:

Field commentMapper in life.majiang.community.service.CommentService required a bean of type 'life.majiang.community.mapper.CommentMapper' that could not be found.

The injection point has the following annotations:
	- @org.springframework.beans.factory.annotation.Autowired(required=true)


Action:

Consider defining a bean of type 'life.majiang.community.mapper.CommentMapper' in your configuration.

2020-02-25 15:31:17.282  INFO 10008 --- [restartedMain] l.m.community.CommunityApplication       : Starting CommunityApplication on SKY-20190108EUJ with PID 10008 (E:\IdeaProjects\community\target\classes started by Administrator in E:\IdeaProjects\community)
2020-02-25 15:31:17.287  INFO 10008 --- [restartedMain] l.m.community.CommunityApplication       : No active profile set, falling back to default profiles: default
2020-02-25 15:31:17.421  INFO 10008 --- [restartedMain] .e.DevToolsPropertyDefaultsPostProcessor : Devtools property defaults active! Set 'spring.devtools.add-properties' to 'false' to disable
2020-02-25 15:31:17.422  INFO 10008 --- [restartedMain] .e.DevToolsPropertyDefaultsPostProcessor : For additional web related logging consider setting the 'logging.level.web' property to 'DEBUG'
2020-02-25 15:31:17.603  WARN 10008 --- [background-preinit] o.s.h.c.j.Jackson2ObjectMapperBuilder    : For Jackson Kotlin classes support please add "com.fasterxml.jackson.module:jackson-module-kotlin" to the classpath
2020-02-25 15:31:20.992  INFO 10008 --- [restartedMain] o.s.b.w.embedded.tomcat.TomcatWebServer  : Tomcat initialized with port(s): 8887 (http)
2020-02-25 15:31:21.030  INFO 10008 --- [restartedMain] o.apache.catalina.core.StandardService   : Starting service [Tomcat]
2020-02-25 15:31:21.035  INFO 10008 --- [restartedMain] org.apache.catalina.core.StandardEngine  : Starting Servlet engine: [Apache Tomcat/9.0.30]
2020-02-25 15:31:21.389  INFO 10008 --- [restartedMain] o.a.c.c.C.[Tomcat].[localhost].[/]       : Initializing Spring embedded WebApplicationContext
2020-02-25 15:31:21.389  INFO 10008 --- [restartedMain] o.s.web.context.ContextLoader            : Root WebApplicationContext: initialization completed in 3966 ms
2020-02-25 15:31:21.500  INFO 10008 --- [restartedMain] com.zaxxer.hikari.HikariDataSource       : HikariPool-1 - Starting...
2020-02-25 15:31:21.867  INFO 10008 --- [restartedMain] com.zaxxer.hikari.HikariDataSource       : HikariPool-1 - Start completed.
2020-02-25 15:31:21.882  INFO 10008 --- [restartedMain] o.s.b.a.h2.H2ConsoleAutoConfiguration    : H2 console available at '/h2-console'. Database available at 'jdbc:h2:~/community'
2020-02-25 15:31:23.308  INFO 10008 --- [restartedMain] o.s.s.concurrent.ThreadPoolTaskExecutor  : Initializing ExecutorService 'applicationTaskExecutor'
2020-02-25 15:31:23.455  INFO 10008 --- [restartedMain] o.s.b.a.w.s.WelcomePageHandlerMapping    : Adding welcome page template: index
2020-02-25 15:31:23.717  INFO 10008 --- [restartedMain] o.s.s.c.ThreadPoolTaskScheduler          : Initializing ExecutorService 'taskScheduler'
2020-02-25 15:31:23.898  INFO 10008 --- [restartedMain] o.s.b.d.a.OptionalLiveReloadServer       : LiveReload server is running on port 35729
2020-02-25 15:31:23.944  INFO 10008 --- [scheduling-1] l.m.community.schedule.HotTagTasks       : hotTagSchedule start Tue Feb 25 15:31:23 CST 2020
2020-02-25 15:31:24.007  INFO 10008 --- [restartedMain] o.s.b.w.embedded.tomcat.TomcatWebServer  : Tomcat started on port(s): 8887 (http) with context path ''
2020-02-25 15:31:24.007  INFO 10008 --- [restartedMain] l.m.community.CommunityApplication       : Started CommunityApplication in 7.678 seconds (JVM running for 10.176)
2020-02-25 15:31:24.085 ERROR 10008 --- [scheduling-1] o.s.s.s.TaskUtils$LoggingErrorHandler    : Unexpected error occurred in scheduled task

java.lang.NullPointerException: null
	at life.majiang.community.schedule.HotTagTasks.hotTagSchedule(HotTagTasks.java:41) ~[classes/:na]
	at sun.reflect.NativeMethodAccessorImpl.invoke0(Native Method) ~[na:1.8.0_131]
	at sun.reflect.NativeMethodAccessorImpl.invoke(NativeMethodAccessorImpl.java:62) ~[na:1.8.0_131]
	at sun.reflect.DelegatingMethodAccessorImpl.invoke(DelegatingMethodAccessorImpl.java:43) ~[na:1.8.0_131]
	at java.lang.reflect.Method.invoke(Method.java:498) ~[na:1.8.0_131]
	at org.springframework.scheduling.support.ScheduledMethodRunnable.run(ScheduledMethodRunnable.java:84) ~[spring-context-5.2.3.RELEASE.jar:5.2.3.RELEASE]
	at org.springframework.scheduling.support.DelegatingErrorHandlingRunnable.run(DelegatingErrorHandlingRunnable.java:54) ~[spring-context-5.2.3.RELEASE.jar:5.2.3.RELEASE]
	at java.util.concurrent.Executors$RunnableAdapter.call(Executors.java:511) [na:1.8.0_131]
	at java.util.concurrent.FutureTask.runAndReset(FutureTask.java:308) [na:1.8.0_131]
	at java.util.concurrent.ScheduledThreadPoolExecutor$ScheduledFutureTask.access$301(ScheduledThreadPoolExecutor.java:180) [na:1.8.0_131]
	at java.util.concurrent.ScheduledThreadPoolExecutor$ScheduledFutureTask.run(ScheduledThreadPoolExecutor.java:294) [na:1.8.0_131]
	at java.util.concurrent.ThreadPoolExecutor.runWorker(ThreadPoolExecutor.java:1142) [na:1.8.0_131]
	at java.util.concurrent.ThreadPoolExecutor$Worker.run(ThreadPoolExecutor.java:617) [na:1.8.0_131]
	at java.lang.Thread.run(Thread.java:748) [na:1.8.0_131]

2020-02-25 15:33:20.379  INFO 10008 --- [http-nio-8887-exec-10] o.a.c.c.C.[Tomcat].[localhost].[/]       : Initializing Spring DispatcherServlet 'dispatcherServlet'
2020-02-25 15:33:20.379  INFO 10008 --- [http-nio-8887-exec-10] o.s.web.servlet.DispatcherServlet        : Initializing Servlet 'dispatcherServlet'
2020-02-25 15:33:20.389  INFO 10008 --- [http-nio-8887-exec-10] o.s.web.servlet.DispatcherServlet        : Completed initialization in 10 ms
2020-02-25 15:53:34.217  INFO 11436 --- [restartedMain] l.m.community.CommunityApplication       : Starting CommunityApplication on SKY-20190108EUJ with PID 11436 (E:\IdeaProjects\community\target\classes started by Administrator in E:\IdeaProjects\community)
2020-02-25 15:53:34.223  INFO 11436 --- [restartedMain] l.m.community.CommunityApplication       : No active profile set, falling back to default profiles: default
2020-02-25 15:53:34.444  INFO 11436 --- [restartedMain] .e.DevToolsPropertyDefaultsPostProcessor : Devtools property defaults active! Set 'spring.devtools.add-properties' to 'false' to disable
2020-02-25 15:53:34.445  INFO 11436 --- [restartedMain] .e.DevToolsPropertyDefaultsPostProcessor : For additional web related logging consider setting the 'logging.level.web' property to 'DEBUG'
2020-02-25 15:53:34.876  WARN 11436 --- [background-preinit] o.s.h.c.j.Jackson2ObjectMapperBuilder    : For Jackson Kotlin classes support please add "com.fasterxml.jackson.module:jackson-module-kotlin" to the classpath
2020-02-25 15:53:53.516  INFO 8316 --- [restartedMain] l.m.community.CommunityApplication       : Starting CommunityApplication on SKY-20190108EUJ with PID 8316 (E:\IdeaProjects\community\target\classes started by Administrator in E:\IdeaProjects\community)
2020-02-25 15:53:53.523  INFO 8316 --- [restartedMain] l.m.community.CommunityApplication       : No active profile set, falling back to default profiles: default
2020-02-25 15:53:53.803  INFO 8316 --- [restartedMain] .e.DevToolsPropertyDefaultsPostProcessor : Devtools property defaults active! Set 'spring.devtools.add-properties' to 'false' to disable
2020-02-25 15:53:53.804  INFO 8316 --- [restartedMain] .e.DevToolsPropertyDefaultsPostProcessor : For additional web related logging consider setting the 'logging.level.web' property to 'DEBUG'
2020-02-25 15:53:54.530  WARN 8316 --- [background-preinit] o.s.h.c.j.Jackson2ObjectMapperBuilder    : For Jackson Kotlin classes support please add "com.fasterxml.jackson.module:jackson-module-kotlin" to the classpath
2020-02-25 15:53:57.588  INFO 8316 --- [restartedMain] o.s.b.w.embedded.tomcat.TomcatWebServer  : Tomcat initialized with port(s): 8887 (http)
2020-02-25 15:53:57.610  INFO 8316 --- [restartedMain] o.apache.catalina.core.StandardService   : Starting service [Tomcat]
2020-02-25 15:53:57.611  INFO 8316 --- [restartedMain] org.apache.catalina.core.StandardEngine  : Starting Servlet engine: [Apache Tomcat/9.0.30]
2020-02-25 15:53:57.846  INFO 8316 --- [restartedMain] o.a.c.c.C.[Tomcat].[localhost].[/]       : Initializing Spring embedded WebApplicationContext
2020-02-25 15:53:57.846  INFO 8316 --- [restartedMain] o.s.web.context.ContextLoader            : Root WebApplicationContext: initialization completed in 4041 ms
2020-02-25 15:53:57.942  INFO 8316 --- [restartedMain] com.zaxxer.hikari.HikariDataSource       : HikariPool-1 - Starting...
2020-02-25 15:53:58.369  INFO 8316 --- [restartedMain] com.zaxxer.hikari.HikariDataSource       : HikariPool-1 - Start completed.
2020-02-25 15:53:58.386  INFO 8316 --- [restartedMain] o.s.b.a.h2.H2ConsoleAutoConfiguration    : H2 console available at '/h2-console'. Database available at 'jdbc:h2:~/community'
2020-02-25 15:54:00.091  INFO 8316 --- [restartedMain] o.s.s.concurrent.ThreadPoolTaskExecutor  : Initializing ExecutorService 'applicationTaskExecutor'
2020-02-25 15:54:00.238  INFO 8316 --- [restartedMain] o.s.b.a.w.s.WelcomePageHandlerMapping    : Adding welcome page template: index
2020-02-25 15:54:00.549  INFO 8316 --- [restartedMain] o.s.s.c.ThreadPoolTaskScheduler          : Initializing ExecutorService 'taskScheduler'
2020-02-25 15:54:00.714  INFO 8316 --- [restartedMain] o.s.b.d.a.OptionalLiveReloadServer       : LiveReload server is running on port 35729
2020-02-25 15:54:00.759  INFO 8316 --- [scheduling-1] l.m.community.schedule.HotTagTasks       : hotTagSchedule start Tue Feb 25 15:54:00 CST 2020
2020-02-25 15:54:13.881  INFO 8316 --- [restartedMain] o.s.b.w.embedded.tomcat.TomcatWebServer  : Tomcat started on port(s): 8887 (http) with context path ''
2020-02-25 15:54:13.881  INFO 8316 --- [restartedMain] l.m.community.CommunityApplication       : Started CommunityApplication in 22.147 seconds (JVM running for 25.526)
2020-02-25 15:55:12.769  WARN 8316 --- [HikariPool-1 housekeeper] com.zaxxer.hikari.pool.HikariPool        : HikariPool-1 - Thread starvation or clock leap detected (housekeeper delta=1m14s298ms862µs).
2020-02-25 15:55:33.017 ERROR 8316 --- [scheduling-1] o.s.s.s.TaskUtils$LoggingErrorHandler    : Unexpected error occurred in scheduled task

java.lang.NullPointerException: null
	at life.majiang.community.schedule.HotTagTasks.hotTagSchedule(HotTagTasks.java:41) ~[classes/:na]
	at sun.reflect.NativeMethodAccessorImpl.invoke0(Native Method) ~[na:1.8.0_131]
	at sun.reflect.NativeMethodAccessorImpl.invoke(NativeMethodAccessorImpl.java:62) ~[na:1.8.0_131]
	at sun.reflect.DelegatingMethodAccessorImpl.invoke(DelegatingMethodAccessorImpl.java:43) ~[na:1.8.0_131]
	at java.lang.reflect.Method.invoke(Method.java:498) ~[na:1.8.0_131]
	at org.springframework.scheduling.support.ScheduledMethodRunnable.run(ScheduledMethodRunnable.java:84) ~[spring-context-5.2.3.RELEASE.jar:5.2.3.RELEASE]
	at org.springframework.scheduling.support.DelegatingErrorHandlingRunnable.run(DelegatingErrorHandlingRunnable.java:54) ~[spring-context-5.2.3.RELEASE.jar:5.2.3.RELEASE]
	at java.util.concurrent.Executors$RunnableAdapter.call(Executors.java:511) [na:1.8.0_131]
	at java.util.concurrent.FutureTask.runAndReset$$$capture(FutureTask.java:308) [na:1.8.0_131]
	at java.util.concurrent.FutureTask.runAndReset(FutureTask.java) [na:1.8.0_131]
	at java.util.concurrent.ScheduledThreadPoolExecutor$ScheduledFutureTask.access$301(ScheduledThreadPoolExecutor.java:180) [na:1.8.0_131]
	at java.util.concurrent.ScheduledThreadPoolExecutor$ScheduledFutureTask.run(ScheduledThreadPoolExecutor.java:294) [na:1.8.0_131]
	at java.util.concurrent.ThreadPoolExecutor.runWorker(ThreadPoolExecutor.java:1142) [na:1.8.0_131]
	at java.util.concurrent.ThreadPoolExecutor$Worker.run(ThreadPoolExecutor.java:617) [na:1.8.0_131]
	at java.lang.Thread.run(Thread.java:748) [na:1.8.0_131]

2020-02-25 15:58:13.343  INFO 9196 --- [restartedMain] l.m.community.CommunityApplication       : Starting CommunityApplication on SKY-20190108EUJ with PID 9196 (E:\IdeaProjects\community\target\classes started by Administrator in E:\IdeaProjects\community)
2020-02-25 15:58:13.347  INFO 9196 --- [restartedMain] l.m.community.CommunityApplication       : No active profile set, falling back to default profiles: default
2020-02-25 15:58:13.864  INFO 9196 --- [restartedMain] .e.DevToolsPropertyDefaultsPostProcessor : Devtools property defaults active! Set 'spring.devtools.add-properties' to 'false' to disable
2020-02-25 15:58:13.864  INFO 9196 --- [restartedMain] .e.DevToolsPropertyDefaultsPostProcessor : For additional web related logging consider setting the 'logging.level.web' property to 'DEBUG'
2020-02-25 15:58:13.878  WARN 9196 --- [background-preinit] o.s.h.c.j.Jackson2ObjectMapperBuilder    : For Jackson Kotlin classes support please add "com.fasterxml.jackson.module:jackson-module-kotlin" to the classpath
2020-02-25 15:58:17.310  INFO 9196 --- [restartedMain] o.s.b.w.embedded.tomcat.TomcatWebServer  : Tomcat initialized with port(s): 8887 (http)
2020-02-25 15:58:17.326  INFO 9196 --- [restartedMain] o.apache.catalina.core.StandardService   : Starting service [Tomcat]
2020-02-25 15:58:17.327  INFO 9196 --- [restartedMain] org.apache.catalina.core.StandardEngine  : Starting Servlet engine: [Apache Tomcat/9.0.30]
2020-02-25 15:58:17.586  INFO 9196 --- [restartedMain] o.a.c.c.C.[Tomcat].[localhost].[/]       : Initializing Spring embedded WebApplicationContext
2020-02-25 15:58:17.587  INFO 9196 --- [restartedMain] o.s.web.context.ContextLoader            : Root WebApplicationContext: initialization completed in 3722 ms
2020-02-25 15:58:17.659  INFO 9196 --- [restartedMain] com.zaxxer.hikari.HikariDataSource       : HikariPool-1 - Starting...
2020-02-25 15:58:18.109  INFO 9196 --- [restartedMain] com.zaxxer.hikari.HikariDataSource       : HikariPool-1 - Start completed.
2020-02-25 15:58:18.120  INFO 9196 --- [restartedMain] o.s.b.a.h2.H2ConsoleAutoConfiguration    : H2 console available at '/h2-console'. Database available at 'jdbc:h2:~/community'
2020-02-25 15:58:19.239  INFO 9196 --- [restartedMain] o.s.s.concurrent.ThreadPoolTaskExecutor  : Initializing ExecutorService 'applicationTaskExecutor'
2020-02-25 15:58:19.357  INFO 9196 --- [restartedMain] o.s.b.a.w.s.WelcomePageHandlerMapping    : Adding welcome page template: index
2020-02-25 15:58:19.641  INFO 9196 --- [restartedMain] o.s.s.c.ThreadPoolTaskScheduler          : Initializing ExecutorService 'taskScheduler'
2020-02-25 15:58:19.790  INFO 9196 --- [restartedMain] o.s.b.d.a.OptionalLiveReloadServer       : LiveReload server is running on port 35729
2020-02-25 15:58:19.833  INFO 9196 --- [scheduling-1] l.m.community.schedule.HotTagTasks       : hotTagSchedule start Tue Feb 25 15:58:19 CST 2020
2020-02-25 15:58:19.889  INFO 9196 --- [restartedMain] o.s.b.w.embedded.tomcat.TomcatWebServer  : Tomcat started on port(s): 8887 (http) with context path ''
2020-02-25 15:58:19.896  INFO 9196 --- [restartedMain] l.m.community.CommunityApplication       : Started CommunityApplication in 7.881 seconds (JVM running for 10.695)
2020-02-25 15:58:19.958  INFO 9196 --- [scheduling-1] l.m.community.schedule.HotTagTasks       : hotTagSchedule stop Tue Feb 25 15:58:19 CST 2020
2020-02-25 15:58:33.022  INFO 9196 --- [http-nio-8887-exec-1] o.a.c.c.C.[Tomcat].[localhost].[/]       : Initializing Spring DispatcherServlet 'dispatcherServlet'
2020-02-25 15:58:33.023  INFO 9196 --- [http-nio-8887-exec-1] o.s.web.servlet.DispatcherServlet        : Initializing Servlet 'dispatcherServlet'
2020-02-25 15:58:33.039  INFO 9196 --- [http-nio-8887-exec-1] o.s.web.servlet.DispatcherServlet        : Completed initialization in 16 ms
2020-02-25 16:00:18.534  INFO 1216 --- [restartedMain] l.m.community.CommunityApplication       : Starting CommunityApplication on SKY-20190108EUJ with PID 1216 (E:\IdeaProjects\community\target\classes started by Administrator in E:\IdeaProjects\community)
2020-02-25 16:00:18.534  INFO 1216 --- [restartedMain] l.m.community.CommunityApplication       : No active profile set, falling back to default profiles: default
2020-02-25 16:00:18.721  INFO 1216 --- [restartedMain] .e.DevToolsPropertyDefaultsPostProcessor : Devtools property defaults active! Set 'spring.devtools.add-properties' to 'false' to disable
2020-02-25 16:00:18.721  INFO 1216 --- [restartedMain] .e.DevToolsPropertyDefaultsPostProcessor : For additional web related logging consider setting the 'logging.level.web' property to 'DEBUG'
2020-02-25 16:00:18.956  WARN 1216 --- [background-preinit] o.s.h.c.j.Jackson2ObjectMapperBuilder    : For Jackson Kotlin classes support please add "com.fasterxml.jackson.module:jackson-module-kotlin" to the classpath
2020-02-25 16:00:22.195  INFO 1216 --- [restartedMain] o.s.b.w.embedded.tomcat.TomcatWebServer  : Tomcat initialized with port(s): 8887 (http)
2020-02-25 16:00:22.209  INFO 1216 --- [restartedMain] o.apache.catalina.core.StandardService   : Starting service [Tomcat]
2020-02-25 16:00:22.209  INFO 1216 --- [restartedMain] org.apache.catalina.core.StandardEngine  : Starting Servlet engine: [Apache Tomcat/9.0.30]
2020-02-25 16:00:22.391  INFO 1216 --- [restartedMain] o.a.c.c.C.[Tomcat].[localhost].[/]       : Initializing Spring embedded WebApplicationContext
2020-02-25 16:00:22.392  INFO 1216 --- [restartedMain] o.s.web.context.ContextLoader            : Root WebApplicationContext: initialization completed in 3671 ms
2020-02-25 16:00:22.474  INFO 1216 --- [restartedMain] com.zaxxer.hikari.HikariDataSource       : HikariPool-1 - Starting...
2020-02-25 16:00:22.732  INFO 1216 --- [restartedMain] com.zaxxer.hikari.HikariDataSource       : HikariPool-1 - Start completed.
2020-02-25 16:00:22.743  INFO 1216 --- [restartedMain] o.s.b.a.h2.H2ConsoleAutoConfiguration    : H2 console available at '/h2-console'. Database available at 'jdbc:h2:~/community'
2020-02-25 16:00:23.915  INFO 1216 --- [restartedMain] o.s.s.concurrent.ThreadPoolTaskExecutor  : Initializing ExecutorService 'applicationTaskExecutor'
2020-02-25 16:00:24.031  INFO 1216 --- [restartedMain] o.s.b.a.w.s.WelcomePageHandlerMapping    : Adding welcome page template: index
2020-02-25 16:00:24.293  INFO 1216 --- [restartedMain] o.s.s.c.ThreadPoolTaskScheduler          : Initializing ExecutorService 'taskScheduler'
2020-02-25 16:00:24.445  INFO 1216 --- [restartedMain] o.s.b.d.a.OptionalLiveReloadServer       : LiveReload server is running on port 35729
2020-02-25 16:00:24.487  INFO 1216 --- [scheduling-1] l.m.community.schedule.HotTagTasks       : hotTagSchedule start Tue Feb 25 16:00:24 CST 2020
2020-02-25 16:00:24.543  INFO 1216 --- [restartedMain] o.s.b.w.embedded.tomcat.TomcatWebServer  : Tomcat started on port(s): 8887 (http) with context path ''
2020-02-25 16:00:24.550  INFO 1216 --- [restartedMain] l.m.community.CommunityApplication       : Started CommunityApplication in 7.033 seconds (JVM running for 9.567)
2020-02-25 16:00:24.618  INFO 1216 --- [scheduling-1] l.m.community.schedule.HotTagTasks       : hotTagSchedule stop Tue Feb 25 16:00:24 CST 2020
2020-02-25 16:00:32.716  INFO 1216 --- [http-nio-8887-exec-1] o.a.c.c.C.[Tomcat].[localhost].[/]       : Initializing Spring DispatcherServlet 'dispatcherServlet'
2020-02-25 16:00:32.716  INFO 1216 --- [http-nio-8887-exec-1] o.s.web.servlet.DispatcherServlet        : Initializing Servlet 'dispatcherServlet'
2020-02-25 16:00:32.728  INFO 1216 --- [http-nio-8887-exec-1] o.s.web.servlet.DispatcherServlet        : Completed initialization in 11 ms
